2017-06-17 01:01:32,970 INFO  Open Connection ConnectionString:Server=localhost;Port=3306;Database=mvc;Uid=root;Pwd=system;charset=utf8;
2017-06-17 01:01:32,999 INFO  --  MySqlDECLARE @uid1 VarChar(5) -- StringSET     @uid1 = 'admin'SELECT	`t1`.`Role_Id`,	`t1`.`Role_Name`,	`t1`.`Role_Desc`,	`t1`.`Creator`FROM	`SYS_ROLE` `t1`,	`SYS_USER_ROLE` `t2`WHERE	`t1`.`Role_Id` = `t2`.`Role_Id` AND `t2`.`User_Id` = @uid1
2017-06-17 01:01:33,009 INFO  Close Connection ConnectionString:Server=localhost;Port=3306;Database=mvc;Uid=root;Pwd=system;charset=utf8;
2017-06-17 01:01:39,693 INFO  Open Connection ConnectionString:Server=localhost;Port=3306;Database=mvc;Uid=root;Pwd=system;charset=utf8;
2017-06-17 01:01:39,693 INFO  --  MySqlDECLARE @uid1 VarChar(5) -- StringSET     @uid1 = 'admin'SELECT	`t1`.`User_Id`,	`t1`.`User_Name`,	`t1`.`User_Pwd`,	`t1`.`User_Email`,	`t1`.`User_Mobile`,	`t1`.`Is_Enable`,	`t1`.`Is_Admin`,	`t1`.`Date_LoginLast`,	`t1`.`Json_Config`,	`t1`.`User_Sex`,	`t1`.`User_Address`,	`t1`.`Creater_ID`FROM	`SYS_USER` `t1`WHERE	`t1`.`User_Id` = @uid1LIMIT 1
2017-06-17 01:01:39,729 INFO  Close Connection ConnectionString:Server=localhost;Port=3306;Database=mvc;Uid=root;Pwd=system;charset=utf8;
2017-06-17 01:01:39,742 INFO  Open Connection ConnectionString:Server=localhost;Port=3306;Database=mvc;Uid=root;Pwd=system;charset=utf8;
2017-06-17 01:01:39,742 INFO  --  MySqlSELECT	`t1`.`Menu_Id`,	`t1`.`Menu_PID`,	`t1`.`Menu_Url`,	`t1`.`Menu_Name`,	`t1`.`Menu_IconUrl`,	`t1`.`Menu_IconClass`,	`t1`.`Menu_Seq`,	`t1`.`Is_Enable`,	`t1`.`Date_Create`FROM	`SYS_MENU` `t1`ORDER BY	`t1`.`Menu_Seq`
2017-06-17 01:01:39,746 INFO  Close Connection ConnectionString:Server=localhost;Port=3306;Database=mvc;Uid=root;Pwd=system;charset=utf8;
2017-06-17 01:01:48,900 INFO  Open Connection ConnectionString:Server=localhost;Port=3306;Database=mvc;Uid=root;Pwd=system;charset=utf8;
2017-06-17 01:01:48,900 INFO  --  MySqlDECLARE @uid1 VarChar(5) -- StringSET     @uid1 = 'admin'SELECT	`t1`.`User_Id`,	`t1`.`User_Name`,	`t1`.`User_Pwd`,	`t1`.`User_Email`,	`t1`.`User_Mobile`,	`t1`.`Is_Enable`,	`t1`.`Is_Admin`,	`t1`.`Date_LoginLast`,	`t1`.`Json_Config`,	`t1`.`User_Sex`,	`t1`.`User_Address`,	`t1`.`Creater_ID`FROM	`SYS_USER` `t1`WHERE	`t1`.`User_Id` = @uid1LIMIT 1
2017-06-17 01:01:48,901 INFO  Close Connection ConnectionString:Server=localhost;Port=3306;Database=mvc;Uid=root;Pwd=system;charset=utf8;
2017-06-17 01:01:48,901 INFO  Open Connection ConnectionString:Server=localhost;Port=3306;Database=mvc;Uid=root;Pwd=system;charset=utf8;
2017-06-17 01:01:48,901 INFO  --  MySqlSELECT	`t1`.`Menu_Id`,	`t1`.`Menu_PID`,	`t1`.`Menu_Url`,	`t1`.`Menu_Name`,	`t1`.`Menu_IconUrl`,	`t1`.`Menu_IconClass`,	`t1`.`Menu_Seq`,	`t1`.`Is_Enable`,	`t1`.`Date_Create`FROM	`SYS_MENU` `t1`ORDER BY	`t1`.`Menu_Seq`
2017-06-17 01:01:48,902 INFO  Close Connection ConnectionString:Server=localhost;Port=3306;Database=mvc;Uid=root;Pwd=system;charset=utf8;
2017-06-17 01:01:54,082 INFO  Open Connection ConnectionString:Server=localhost;Port=3306;Database=mvc;Uid=root;Pwd=system;charset=utf8;
2017-06-17 01:01:54,082 INFO  --  MySqlDECLARE @uid1 VarChar(5) -- StringSET     @uid1 = 'admin'SELECT	`t1`.`User_Id`,	`t1`.`User_Name`,	`t1`.`User_Pwd`,	`t1`.`User_Email`,	`t1`.`User_Mobile`,	`t1`.`Is_Enable`,	`t1`.`Is_Admin`,	`t1`.`Date_LoginLast`,	`t1`.`Json_Config`,	`t1`.`User_Sex`,	`t1`.`User_Address`,	`t1`.`Creater_ID`FROM	`SYS_USER` `t1`WHERE	`t1`.`User_Id` = @uid1LIMIT 1
2017-06-17 01:01:54,083 INFO  Close Connection ConnectionString:Server=localhost;Port=3306;Database=mvc;Uid=root;Pwd=system;charset=utf8;
2017-06-17 01:01:54,552 INFO  Open Connection ConnectionString:Server=localhost;Port=3306;Database=mvc;Uid=root;Pwd=system;charset=utf8;
2017-06-17 01:01:54,552 INFO  --  MySqlDECLARE @userId VarChar(2) -- StringSET     @userId = '%%'DECLARE @userName VarChar(2) -- StringSET     @userName = '%%'SELECT	Count(*) as `cnt`FROM	`SYS_USER` `t1`WHERE	`t1`.`User_Id` LIKE @userId ESCAPE '~' AND `t1`.`User_Name` LIKE @userName ESCAPE '~'
2017-06-17 01:01:54,563 INFO  --  MySqlDECLARE @userId VarChar(2) -- StringSET     @userId = '%%'DECLARE @userName VarChar(2) -- StringSET     @userName = '%%'SELECT	`t1`.`User_Id`,	`t1`.`User_Name`,	`t1`.`User_Pwd`,	`t1`.`User_Email`,	`t1`.`User_Mobile`,	`t1`.`Is_Enable`,	`t1`.`Is_Admin`,	`t1`.`Date_LoginLast`,	`t1`.`Json_Config`,	`t1`.`User_Sex`,	`t1`.`User_Address`,	`t1`.`Creater_ID`FROM	`SYS_USER` `t1`WHERE	`t1`.`User_Id` LIKE @userId ESCAPE '~' AND `t1`.`User_Name` LIKE @userName ESCAPE '~'ORDER BY	`t1`.`User_Id`LIMIT 0,10
2017-06-17 01:01:54,566 INFO  Close Connection ConnectionString:Server=localhost;Port=3306;Database=mvc;Uid=root;Pwd=system;charset=utf8;
2017-06-17 01:02:01,895 INFO  Open Connection ConnectionString:Server=localhost;Port=3306;Database=mvc;Uid=root;Pwd=system;charset=utf8;
2017-06-17 01:02:01,895 INFO  --  MySqlDECLARE @uid1 VarChar(5) -- StringSET     @uid1 = 'admin'SELECT	`t1`.`Role_Id`,	`t1`.`Role_Name`,	`t1`.`Role_Desc`,	`t1`.`Creator`FROM	`SYS_ROLE` `t1`,	`SYS_USER_ROLE` `t2`WHERE	`t1`.`Role_Id` = `t2`.`Role_Id` AND `t2`.`User_Id` = @uid1
2017-06-17 01:02:01,896 INFO  Close Connection ConnectionString:Server=localhost;Port=3306;Database=mvc;Uid=root;Pwd=system;charset=utf8;
2017-06-17 01:02:02,204 INFO  Open Connection ConnectionString:Server=localhost;Port=3306;Database=mvc;Uid=root;Pwd=system;charset=utf8;
2017-06-17 01:02:02,204 INFO  --  MySqlDECLARE @uid1 VarChar(5) -- StringSET     @uid1 = 'admin'SELECT	`t1`.`User_Id`,	`t1`.`User_Name`,	`t1`.`User_Pwd`,	`t1`.`User_Email`,	`t1`.`User_Mobile`,	`t1`.`Is_Enable`,	`t1`.`Is_Admin`,	`t1`.`Date_LoginLast`,	`t1`.`Json_Config`,	`t1`.`User_Sex`,	`t1`.`User_Address`,	`t1`.`Creater_ID`FROM	`SYS_USER` `t1`WHERE	`t1`.`User_Id` = @uid1LIMIT 1
2017-06-17 01:02:02,204 INFO  Close Connection ConnectionString:Server=localhost;Port=3306;Database=mvc;Uid=root;Pwd=system;charset=utf8;
2017-06-17 01:02:02,205 INFO  Open Connection ConnectionString:Server=localhost;Port=3306;Database=mvc;Uid=root;Pwd=system;charset=utf8;
2017-06-17 01:02:02,205 INFO  --  MySqlSELECT	`t1`.`Menu_Id`,	`t1`.`Menu_PID`,	`t1`.`Menu_Url`,	`t1`.`Menu_Name`,	`t1`.`Menu_IconUrl`,	`t1`.`Menu_IconClass`,	`t1`.`Menu_Seq`,	`t1`.`Is_Enable`,	`t1`.`Date_Create`FROM	`SYS_MENU` `t1`ORDER BY	`t1`.`Menu_Seq`
2017-06-17 01:02:02,205 INFO  Close Connection ConnectionString:Server=localhost;Port=3306;Database=mvc;Uid=root;Pwd=system;charset=utf8;
2017-06-17 01:02:04,538 INFO  Open Connection ConnectionString:Server=localhost;Port=3306;Database=mvc;Uid=root;Pwd=system;charset=utf8;
2017-06-17 01:02:04,538 INFO  --  MySqlDECLARE @uid1 VarChar(5) -- StringSET     @uid1 = 'admin'SELECT	`t1`.`User_Id`,	`t1`.`User_Name`,	`t1`.`User_Pwd`,	`t1`.`User_Email`,	`t1`.`User_Mobile`,	`t1`.`Is_Enable`,	`t1`.`Is_Admin`,	`t1`.`Date_LoginLast`,	`t1`.`Json_Config`,	`t1`.`User_Sex`,	`t1`.`User_Address`,	`t1`.`Creater_ID`FROM	`SYS_USER` `t1`WHERE	`t1`.`User_Id` = @uid1LIMIT 1
2017-06-17 01:02:04,538 INFO  Close Connection ConnectionString:Server=localhost;Port=3306;Database=mvc;Uid=root;Pwd=system;charset=utf8;
2017-06-17 01:02:04,539 INFO  Open Connection ConnectionString:Server=localhost;Port=3306;Database=mvc;Uid=root;Pwd=system;charset=utf8;
2017-06-17 01:02:04,539 INFO  --  MySqlSELECT	`t1`.`Menu_Id`,	`t1`.`Menu_PID`,	`t1`.`Menu_Url`,	`t1`.`Menu_Name`,	`t1`.`Menu_IconUrl`,	`t1`.`Menu_IconClass`,	`t1`.`Menu_Seq`,	`t1`.`Is_Enable`,	`t1`.`Date_Create`FROM	`SYS_MENU` `t1`ORDER BY	`t1`.`Menu_Seq`
2017-06-17 01:02:04,539 INFO  Close Connection ConnectionString:Server=localhost;Port=3306;Database=mvc;Uid=root;Pwd=system;charset=utf8;
2017-06-17 01:02:04,799 INFO  Open Connection ConnectionString:Server=localhost;Port=3306;Database=mvc;Uid=root;Pwd=system;charset=utf8;
2017-06-17 01:02:04,799 INFO  --  MySqlDECLARE @uid1 VarChar(5) -- StringSET     @uid1 = 'admin'SELECT	`t1`.`User_Id`,	`t1`.`User_Name`,	`t1`.`User_Pwd`,	`t1`.`User_Email`,	`t1`.`User_Mobile`,	`t1`.`Is_Enable`,	`t1`.`Is_Admin`,	`t1`.`Date_LoginLast`,	`t1`.`Json_Config`,	`t1`.`User_Sex`,	`t1`.`User_Address`,	`t1`.`Creater_ID`FROM	`SYS_USER` `t1`WHERE	`t1`.`User_Id` = @uid1LIMIT 1
2017-06-17 01:02:04,800 INFO  Close Connection ConnectionString:Server=localhost;Port=3306;Database=mvc;Uid=root;Pwd=system;charset=utf8;
2017-06-17 01:02:04,801 INFO  Open Connection ConnectionString:Server=localhost;Port=3306;Database=mvc;Uid=root;Pwd=system;charset=utf8;
2017-06-17 01:02:04,801 INFO  --  MySqlDECLARE @userId VarChar(2) -- StringSET     @userId = '%%'DECLARE @userName VarChar(2) -- StringSET     @userName = '%%'SELECT	Count(*) as `cnt`FROM	`SYS_USER` `t1`WHERE	`t1`.`User_Id` LIKE @userId ESCAPE '~' AND `t1`.`User_Name` LIKE @userName ESCAPE '~'
2017-06-17 01:02:04,801 INFO  --  MySqlDECLARE @userId VarChar(2) -- StringSET     @userId = '%%'DECLARE @userName VarChar(2) -- StringSET     @userName = '%%'SELECT	`t1`.`User_Id`,	`t1`.`User_Name`,	`t1`.`User_Pwd`,	`t1`.`User_Email`,	`t1`.`User_Mobile`,	`t1`.`Is_Enable`,	`t1`.`Is_Admin`,	`t1`.`Date_LoginLast`,	`t1`.`Json_Config`,	`t1`.`User_Sex`,	`t1`.`User_Address`,	`t1`.`Creater_ID`FROM	`SYS_USER` `t1`WHERE	`t1`.`User_Id` LIKE @userId ESCAPE '~' AND `t1`.`User_Name` LIKE @userName ESCAPE '~'ORDER BY	`t1`.`User_Id`LIMIT 0,10
2017-06-17 01:02:04,802 INFO  Close Connection ConnectionString:Server=localhost;Port=3306;Database=mvc;Uid=root;Pwd=system;charset=utf8;
2017-06-17 01:02:06,682 INFO  Open Connection ConnectionString:Server=localhost;Port=3306;Database=mvc;Uid=root;Pwd=system;charset=utf8;
2017-06-17 01:02:06,682 INFO  --  MySqlDECLARE @uid1 VarChar(5) -- StringSET     @uid1 = 'admin'SELECT	`t1`.`User_Id`,	`t1`.`User_Name`,	`t1`.`User_Pwd`,	`t1`.`User_Email`,	`t1`.`User_Mobile`,	`t1`.`Is_Enable`,	`t1`.`Is_Admin`,	`t1`.`Date_LoginLast`,	`t1`.`Json_Config`,	`t1`.`User_Sex`,	`t1`.`User_Address`,	`t1`.`Creater_ID`FROM	`SYS_USER` `t1`WHERE	`t1`.`User_Id` = @uid1LIMIT 1
2017-06-17 01:02:06,683 INFO  Close Connection ConnectionString:Server=localhost;Port=3306;Database=mvc;Uid=root;Pwd=system;charset=utf8;
2017-06-17 01:02:06,683 INFO  Open Connection ConnectionString:Server=localhost;Port=3306;Database=mvc;Uid=root;Pwd=system;charset=utf8;
2017-06-17 01:02:06,683 INFO  --  MySqlSELECT	`t1`.`Menu_Id`,	`t1`.`Menu_PID`,	`t1`.`Menu_Url`,	`t1`.`Menu_Name`,	`t1`.`Menu_IconUrl`,	`t1`.`Menu_IconClass`,	`t1`.`Menu_Seq`,	`t1`.`Is_Enable`,	`t1`.`Date_Create`FROM	`SYS_MENU` `t1`ORDER BY	`t1`.`Menu_Seq`
2017-06-17 01:02:06,684 INFO  Close Connection ConnectionString:Server=localhost;Port=3306;Database=mvc;Uid=root;Pwd=system;charset=utf8;
2017-06-17 01:02:11,705 INFO  Open Connection ConnectionString:Server=localhost;Port=3306;Database=mvc;Uid=root;Pwd=system;charset=utf8;
2017-06-17 01:02:11,705 INFO  --  MySqlSELECT	`t1`.`Menu_Id`,	`t1`.`Menu_PID`,	`t1`.`Menu_Url`,	`t1`.`Menu_Name`,	`t1`.`Menu_IconUrl`,	`t1`.`Menu_IconClass`,	`t1`.`Menu_Seq`,	`t1`.`Is_Enable`,	`t1`.`Date_Create`FROM	`SYS_MENU` `t1`ORDER BY	`t1`.`Menu_Seq`
2017-06-17 01:02:11,705 INFO  Close Connection ConnectionString:Server=localhost;Port=3306;Database=mvc;Uid=root;Pwd=system;charset=utf8;
2017-06-17 01:02:12,252 INFO  Open Connection ConnectionString:Server=localhost;Port=3306;Database=mvc;Uid=root;Pwd=system;charset=utf8;
2017-06-17 01:02:12,252 INFO  --  MySqlDECLARE @uid1 VarChar(5) -- StringSET     @uid1 = 'admin'SELECT	`t1`.`User_Id`,	`t1`.`User_Name`,	`t1`.`User_Pwd`,	`t1`.`User_Email`,	`t1`.`User_Mobile`,	`t1`.`Is_Enable`,	`t1`.`Is_Admin`,	`t1`.`Date_LoginLast`,	`t1`.`Json_Config`,	`t1`.`User_Sex`,	`t1`.`User_Address`,	`t1`.`Creater_ID`FROM	`SYS_USER` `t1`WHERE	`t1`.`User_Id` = @uid1LIMIT 1
2017-06-17 01:02:12,252 INFO  Close Connection ConnectionString:Server=localhost;Port=3306;Database=mvc;Uid=root;Pwd=system;charset=utf8;
2017-06-17 01:02:12,253 INFO  Open Connection ConnectionString:Server=localhost;Port=3306;Database=mvc;Uid=root;Pwd=system;charset=utf8;
2017-06-17 01:02:12,253 INFO  --  MySqlSELECT	`t1`.`Role_Id`,	`t1`.`Role_Name`,	`t1`.`Role_Desc`,	`t1`.`Creator`FROM	`SYS_ROLE` `t1`
2017-06-17 01:02:12,255 INFO  Close Connection ConnectionString:Server=localhost;Port=3306;Database=mvc;Uid=root;Pwd=system;charset=utf8;
2017-06-17 01:02:14,490 INFO  Open Connection ConnectionString:Server=localhost;Port=3306;Database=mvc;Uid=root;Pwd=system;charset=utf8;
2017-06-17 01:02:14,490 INFO  --  MySqlDECLARE @uid1 VarChar(5) -- StringSET     @uid1 = 'admin'SELECT	`t1`.`User_Id`,	`t1`.`User_Name`,	`t1`.`User_Pwd`,	`t1`.`User_Email`,	`t1`.`User_Mobile`,	`t1`.`Is_Enable`,	`t1`.`Is_Admin`,	`t1`.`Date_LoginLast`,	`t1`.`Json_Config`,	`t1`.`User_Sex`,	`t1`.`User_Address`,	`t1`.`Creater_ID`FROM	`SYS_USER` `t1`WHERE	`t1`.`User_Id` = @uid1LIMIT 1
2017-06-17 01:02:14,490 INFO  Close Connection ConnectionString:Server=localhost;Port=3306;Database=mvc;Uid=root;Pwd=system;charset=utf8;
2017-06-17 01:02:14,553 INFO  Open Connection ConnectionString:Server=localhost;Port=3306;Database=mvc;Uid=root;Pwd=system;charset=utf8;
2017-06-17 01:02:14,554 INFO  --  MySqlDECLARE @rid VarChar(1) -- StringSET     @rid = '0'SELECT	`t1`.`Menu_Id`,	`t1`.`Menu_PID`,	`t1`.`Date_Create`,	`t1`.`Is_Enable`,	`t1`.`Menu_IconClass`,	`t1`.`Menu_IconUrl`,	`t1`.`Menu_Name`,	`t1`.`Menu_Seq`,	`t1`.`Menu_Url`,	CASE		WHEN `t3`.`Menu_Id` IS NULL			THEN 0		ELSE 1	END as `c1`FROM	`SYS_MENU` `t1`		LEFT JOIN `SYS_ROLE_MENU` `t3` ON `t1`.`Menu_Id` = `t3`.`Menu_Id` AND @rid = `t3`.`Role_Id`
2017-06-17 01:02:14,773 INFO  Close Connection ConnectionString:Server=localhost;Port=3306;Database=mvc;Uid=root;Pwd=system;charset=utf8;
